--> Kharon.state
----> Version: vagrant 
Vagrant 2.0.1
----> Version: terraform 
Terraform v0.11.1

Your version of Terraform is out of date! The latest version
is 0.11.10. You can update by downloading from www.terraform.io/downloads.html
----> Version: ansible 
 [WARNING] Ansible is in a world writable directory (/mnt/sda2/git-repositories/public/kharon), ignoring it as an ansible.cfg source.
ansible 2.6.1
  config file = /etc/ansible/ansible.cfg
  configured module search path = [u'/home/dev/.ansible/plugins/modules', u'/usr/share/ansible/plugins/modules']
  ansible python module location = /usr/lib/python2.7/dist-packages/ansible
  executable location = /usr/bin/ansible
  python version = 2.7.14 (default, Sep 23 2017, 22:06:14) [GCC 7.2.0]
----> Version: packer 
1.1.3
----> Version: etcdctl 
kharon.sh: linha 42: etcdctl: comando não encontrado
----> Version: kubectl 
